  ArcaneV4.cpp
C:\Users\tyler\Documents\GitHub\Arcane-Backend-V4\ArcaneV4\include\crow\http_parser_merged.h(587,32): warning C4244: '=': conversion from '__int64' to 'unsigned long', possible loss of data
  (compiling source file 'ArcaneV4.cpp')
  
C:\Users\tyler\Documents\GitHub\Arcane-Backend-V4\ArcaneV4\include\crow\http_parser_merged.h(607,32): warning C4244: '=': conversion from '__int64' to 'unsigned long', possible loss of data
  (compiling source file 'ArcaneV4.cpp')
  
  Please define _WIN32_WINNT or _WIN32_WINDOWS appropriately. For example:
  - add -D_WIN32_WINNT=0x0601 to the compiler command line; or
  - add _WIN32_WINNT=0x0601 to your project's Preprocessor Definitions.
  Assuming _WIN32_WINNT=0x0601 (i.e. Windows 7 target).
C:\Users\tyler\Documents\GitHub\Arcane-Backend-V4\ArcaneV4\include\crow\json.h(1267,35): warning C4267: 'argument': conversion from 'size_t' to 'uint32_t', possible loss of data
  (compiling source file 'ArcaneV4.cpp')
  
C:\Users\tyler\Documents\GitHub\Arcane-Backend-V4\ArcaneV4\include\crow\json.h(1749,32): warning C4267: 'return': conversion from 'size_t' to 'int', possible loss of data
  (compiling source file 'ArcaneV4.cpp')
  
C:\Users\tyler\Documents\GitHub\Arcane-Backend-V4\ArcaneV4\include\crow\mustache.h(157,33): warning C4267: 'initializing': conversion from 'size_t' to 'int', possible loss of data
  (compiling source file 'ArcaneV4.cpp')
  
C:\Users\tyler\Documents\GitHub\Arcane-Backend-V4\ArcaneV4\include\crow\mustache.h(176,48): warning C4267: '=': conversion from 'size_t' to 'int', possible loss of data
  (compiling source file 'ArcaneV4.cpp')
  
C:\Users\tyler\Documents\GitHub\Arcane-Backend-V4\ArcaneV4\include\crow\mustache.h(178,53): warning C4267: 'argument': conversion from 'size_t' to '_Ty', possible loss of data
C:\Users\tyler\Documents\GitHub\Arcane-Backend-V4\ArcaneV4\include\crow\mustache.h(178,53): warning C4267:         with
C:\Users\tyler\Documents\GitHub\Arcane-Backend-V4\ArcaneV4\include\crow\mustache.h(178,53): warning C4267:         [
C:\Users\tyler\Documents\GitHub\Arcane-Backend-V4\ArcaneV4\include\crow\mustache.h(178,53): warning C4267:             _Ty=int
C:\Users\tyler\Documents\GitHub\Arcane-Backend-V4\ArcaneV4\include\crow\mustache.h(178,53): warning C4267:         ]
  (compiling source file 'ArcaneV4.cpp')
  
C:\Users\tyler\Documents\GitHub\Arcane-Backend-V4\ArcaneV4\include\crow\mustache.h(279,94): warning C4267: 'argument': conversion from 'size_t' to 'int', possible loss of data
  (compiling source file 'ArcaneV4.cpp')
  
C:\Users\tyler\Documents\GitHub\Arcane-Backend-V4\ArcaneV4\include\crow\mustache.h(427,54): warning C4267: 'argument': conversion from 'size_t' to 'int', possible loss of data
  (compiling source file 'ArcaneV4.cpp')
  
C:\Users\tyler\Documents\GitHub\Arcane-Backend-V4\ArcaneV4\include\crow\mustache.h(438,54): warning C4267: 'argument': conversion from 'size_t' to 'int', possible loss of data
  (compiling source file 'ArcaneV4.cpp')
  
C:\Users\tyler\Documents\GitHub\Arcane-Backend-V4\ArcaneV4\include\crow\mustache.h(456,54): warning C4267: 'argument': conversion from 'size_t' to 'int', possible loss of data
  (compiling source file 'ArcaneV4.cpp')
  
C:\Users\tyler\Documents\GitHub\Arcane-Backend-V4\ArcaneV4\include\crow\mustache.h(467,54): warning C4267: 'argument': conversion from 'size_t' to 'int', possible loss of data
  (compiling source file 'ArcaneV4.cpp')
  
C:\Users\tyler\Documents\GitHub\Arcane-Backend-V4\ArcaneV4\include\crow\mustache.h(529,60): warning C4267: '=': conversion from 'size_t' to 'int', possible loss of data
  (compiling source file 'ArcaneV4.cpp')
  
C:\Users\tyler\Documents\GitHub\Arcane-Backend-V4\ArcaneV4\include\crow\mustache.h(629,28): warning C4267: 'initializing': conversion from 'size_t' to 'int', possible loss of data
  (compiling source file 'ArcaneV4.cpp')
  
C:\Users\tyler\Documents\GitHub\Arcane-Backend-V4\ArcaneV4\include\crow\routing.h(804,74): warning C4566: character represented by universal-character-name '\u2514' cannot be represented in the current code page (1252)
  (compiling source file 'ArcaneV4.cpp')
  
C:\Users\tyler\Documents\GitHub\Arcane-Backend-V4\ArcaneV4\include\crow\routing.h(804,74): warning C4566: character represented by universal-character-name '\u279D' cannot be represented in the current code page (1252)
  (compiling source file 'ArcaneV4.cpp')
  
C:\Users\tyler\Documents\GitHub\Arcane-Backend-V4\ArcaneV4\include\crow\routing.h(808,74): warning C4566: character represented by universal-character-name '\u2514' cannot be represented in the current code page (1252)
  (compiling source file 'ArcaneV4.cpp')
  
C:\Users\tyler\Documents\GitHub\Arcane-Backend-V4\ArcaneV4\include\crow\routing.h(808,74): warning C4566: character represented by universal-character-name '\u279D' cannot be represented in the current code page (1252)
  (compiling source file 'ArcaneV4.cpp')
  
C:\Users\tyler\Documents\GitHub\Arcane-Backend-V4\ArcaneV4\include\crow\routing.h(812,74): warning C4566: character represented by universal-character-name '\u2514' cannot be represented in the current code page (1252)
  (compiling source file 'ArcaneV4.cpp')
  
C:\Users\tyler\Documents\GitHub\Arcane-Backend-V4\ArcaneV4\include\crow\routing.h(812,74): warning C4566: character represented by universal-character-name '\u279D' cannot be represented in the current code page (1252)
  (compiling source file 'ArcaneV4.cpp')
  
C:\Users\tyler\Documents\GitHub\Arcane-Backend-V4\ArcaneV4\include\crow\routing.h(816,74): warning C4566: character represented by universal-character-name '\u2514' cannot be represented in the current code page (1252)
  (compiling source file 'ArcaneV4.cpp')
  
C:\Users\tyler\Documents\GitHub\Arcane-Backend-V4\ArcaneV4\include\crow\routing.h(816,74): warning C4566: character represented by universal-character-name '\u279D' cannot be represented in the current code page (1252)
  (compiling source file 'ArcaneV4.cpp')
  
C:\Users\tyler\Documents\GitHub\Arcane-Backend-V4\ArcaneV4\include\crow\routing.h(820,74): warning C4566: character represented by universal-character-name '\u2514' cannot be represented in the current code page (1252)
  (compiling source file 'ArcaneV4.cpp')
  
C:\Users\tyler\Documents\GitHub\Arcane-Backend-V4\ArcaneV4\include\crow\routing.h(820,74): warning C4566: character represented by universal-character-name '\u279D' cannot be represented in the current code page (1252)
  (compiling source file 'ArcaneV4.cpp')
  
C:\Users\tyler\Documents\GitHub\Arcane-Backend-V4\ArcaneV4\include\crow\routing.h(824,74): warning C4566: character represented by universal-character-name '\u2514' cannot be represented in the current code page (1252)
  (compiling source file 'ArcaneV4.cpp')
  
C:\Users\tyler\Documents\GitHub\Arcane-Backend-V4\ArcaneV4\include\crow\routing.h(824,74): warning C4566: character represented by universal-character-name '\u279D' cannot be represented in the current code page (1252)
  (compiling source file 'ArcaneV4.cpp')
  
C:\Users\tyler\Documents\GitHub\Arcane-Backend-V4\ArcaneV4\include\crow\routing.h(830,66): warning C4566: character represented by universal-character-name '\u2514' cannot be represented in the current code page (1252)
  (compiling source file 'ArcaneV4.cpp')
  
C:\Users\tyler\Documents\GitHub\Arcane-Backend-V4\ArcaneV4\include\crow\routing.h(830,66): warning C4566: character represented by universal-character-name '\u279D' cannot be represented in the current code page (1252)
  (compiling source file 'ArcaneV4.cpp')
  
C:\Users\tyler\Documents\GitHub\Arcane-Backend-V4\ArcaneV4\include\crow\routing.h(841,31): warning C4566: character represented by universal-character-name '\u2514' cannot be represented in the current code page (1252)
  (compiling source file 'ArcaneV4.cpp')
  
C:\Users\tyler\Documents\GitHub\Arcane-Backend-V4\ArcaneV4\include\crow\routing.h(841,31): warning C4566: character represented by universal-character-name '\u2799' cannot be represented in the current code page (1252)
  (compiling source file 'ArcaneV4.cpp')
  
C:\Users\tyler\Documents\GitHub\Arcane-Backend-V4\ArcaneV4\include\crow\routing.h(904,70): warning C4244: 'argument': conversion from '__int64' to 'unsigned int', possible loss of data
  (compiling source file 'ArcaneV4.cpp')
  
C:\Users\tyler\Documents\GitHub\Arcane-Backend-V4\ArcaneV4\include\crow\routing.h(925,70): warning C4244: 'argument': conversion from '__int64' to 'unsigned int', possible loss of data
  (compiling source file 'ArcaneV4.cpp')
  
C:\Users\tyler\Documents\GitHub\Arcane-Backend-V4\ArcaneV4\include\crow\routing.h(946,70): warning C4244: 'argument': conversion from '__int64' to 'unsigned int', possible loss of data
  (compiling source file 'ArcaneV4.cpp')
  
C:\Users\tyler\Documents\GitHub\Arcane-Backend-V4\ArcaneV4\include\crow\routing.h(968,61): warning C4267: 'argument': conversion from 'size_t' to 'unsigned int', possible loss of data
  (compiling source file 'ArcaneV4.cpp')
  
C:\Users\tyler\Documents\GitHub\Arcane-Backend-V4\ArcaneV4\include\crow\routing.h(984,61): warning C4267: 'argument': conversion from 'size_t' to 'unsigned int', possible loss of data
  (compiling source file 'ArcaneV4.cpp')
  
C:\Users\tyler\Documents\GitHub\Arcane-Backend-V4\ArcaneV4\include\crow\routing.h(999,61): warning C4267: 'argument': conversion from 'size_t' to 'unsigned int', possible loss of data
  (compiling source file 'ArcaneV4.cpp')
  
C:\Users\tyler\Documents\GitHub\Arcane-Backend-V4\ArcaneV4\include\crow\routing.h(1054,53): warning C4267: '+=': conversion from 'size_t' to 'unsigned int', possible loss of data
  (compiling source file 'ArcaneV4.cpp')
  
C:\Users\tyler\Documents\GitHub\Arcane-Backend-V4\ArcaneV4\include\crow\routing.h(1065,45): warning C4267: '+=': conversion from 'size_t' to 'unsigned int', possible loss of data
  (compiling source file 'ArcaneV4.cpp')
  
C:\Users\tyler\Documents\GitHub\Arcane-Backend-V4\ArcaneV4\include\crow\routing.h(1316,101): warning C4267: 'argument': conversion from 'size_t' to 'unsigned int', possible loss of data
  (compiling source file 'ArcaneV4.cpp')
  
C:\Users\tyler\Documents\GitHub\Arcane-Backend-V4\ArcaneV4\include\crow\routing.h(1316,87): warning C4267: 'argument': conversion from 'size_t' to 'uint16_t', possible loss of data
  (compiling source file 'ArcaneV4.cpp')
  
C:\Users\tyler\Documents\GitHub\Arcane-Backend-V4\ArcaneV4\include\crow\routing.h(1322,118): warning C4267: 'argument': conversion from 'size_t' to 'unsigned int', possible loss of data
  (compiling source file 'ArcaneV4.cpp')
  
C:\Users\tyler\Documents\GitHub\Arcane-Backend-V4\ArcaneV4\include\crow\routing.h(1383,111): warning C4267: 'argument': conversion from 'size_t' to 'unsigned int', possible loss of data
  (compiling source file 'ArcaneV4.cpp')
  
C:\Users\tyler\Documents\GitHub\Arcane-Backend-V4\ArcaneV4\include\crow\routing.h(1537,24): warning C4267: 'initializing': conversion from 'size_t' to 'int', possible loss of data
  (compiling source file 'ArcaneV4.cpp')
  
  ArcaneV4.vcxproj -> C:\Users\tyler\Documents\GitHub\Arcane-Backend-V4\x64\Debug\ArcaneV4.exe
